INFO [main] 2012-08-21 14:35:32,656  a.a.CorpusAdministration - Importing corpus from: somePath
INFO [main] 2012-08-21 14:35:32,736  a.a.CorpusAdministration - Finished import from: somePath
INFO [main] 2012-08-21 14:35:32,739  a.a.CorpusAdministration - Importing corpus from: somePath
INFO [main] 2012-08-21 14:35:32,740  a.a.CorpusAdministration - Finished import from: somePath
INFO [main] 2012-08-21 14:35:32,741  a.a.CorpusAdministration - Importing corpus from: anotherPath
INFO [main] 2012-08-21 14:35:32,742  a.a.CorpusAdministration - Finished import from: anotherPath
INFO [main] 2012-08-21 14:35:32,742  a.a.CorpusAdministration - Importing corpus from: yetAnotherPath
INFO [main] 2012-08-21 14:35:32,743  a.a.CorpusAdministration - Finished import from: yetAnotherPath
ERROR [main] 2012-08-21 14:35:32,762  a.s.PostgreSqlArraySolutionKey - Exception thrown while retrieving key array
java.sql.SQLException: null
	at annis.sqlgen.PostgreSqlArraySolutionKey.retrieveKey(PostgreSqlArraySolutionKey.java:65) ~[classes/:na]
	at annis.sqlgen.PostgreSqlArraySolutionKeyTest.errorIfResultSetThrowsSqlExceptionInRetrieveKey(PostgreSqlArraySolutionKeyTest.java:113) [test-classes/:na]
	at sun.reflect.NativeMethodAccessorImpl.invoke0(Native Method) ~[na:1.6.0_24]
	at sun.reflect.NativeMethodAccessorImpl.invoke(NativeMethodAccessorImpl.java:57) ~[na:1.6.0_24]
	at sun.reflect.DelegatingMethodAccessorImpl.invoke(DelegatingMethodAccessorImpl.java:43) ~[na:1.6.0_24]
	at java.lang.reflect.Method.invoke(Method.java:616) ~[na:1.6.0_24]
	at org.junit.runners.model.FrameworkMethod$1.runReflectiveCall(FrameworkMethod.java:45) [junit-4.10.jar:na]
	at org.junit.internal.runners.model.ReflectiveCallable.run(ReflectiveCallable.java:15) [junit-4.10.jar:na]
	at org.junit.runners.model.FrameworkMethod.invokeExplosively(FrameworkMethod.java:42) [junit-4.10.jar:na]
	at org.junit.internal.runners.statements.InvokeMethod.evaluate(InvokeMethod.java:20) [junit-4.10.jar:na]
	at org.junit.internal.runners.statements.ExpectException.evaluate(ExpectException.java:22) [junit-4.10.jar:na]
	at org.junit.internal.runners.statements.RunBefores.evaluate(RunBefores.java:28) [junit-4.10.jar:na]
	at org.junit.runners.ParentRunner.runLeaf(ParentRunner.java:263) [junit-4.10.jar:na]
	at org.junit.runners.BlockJUnit4ClassRunner.runChild(BlockJUnit4ClassRunner.java:68) [junit-4.10.jar:na]
	at org.junit.runners.BlockJUnit4ClassRunner.runChild(BlockJUnit4ClassRunner.java:47) [junit-4.10.jar:na]
	at org.junit.runners.ParentRunner$3.run(ParentRunner.java:231) [junit-4.10.jar:na]
	at org.junit.runners.ParentRunner$1.schedule(ParentRunner.java:60) [junit-4.10.jar:na]
	at org.junit.runners.ParentRunner.runChildren(ParentRunner.java:229) [junit-4.10.jar:na]
	at org.junit.runners.ParentRunner.access$000(ParentRunner.java:50) [junit-4.10.jar:na]
	at org.junit.runners.ParentRunner$2.evaluate(ParentRunner.java:222) [junit-4.10.jar:na]
	at org.junit.runners.ParentRunner.run(ParentRunner.java:300) [junit-4.10.jar:na]
	at org.apache.maven.surefire.junit4.JUnit4TestSet.execute(JUnit4TestSet.java:62) [surefire-junit4-2.4.3.jar:2.4.3]
	at org.apache.maven.surefire.suite.AbstractDirectoryTestSuite.executeTestSet(AbstractDirectoryTestSuite.java:140) [surefire-api-2.4.3.jar:2.4.3]
	at org.apache.maven.surefire.suite.AbstractDirectoryTestSuite.execute(AbstractDirectoryTestSuite.java:127) [surefire-api-2.4.3.jar:2.4.3]
	at org.apache.maven.surefire.Surefire.run(Surefire.java:177) [surefire-api-2.4.3.jar:2.4.3]
	at sun.reflect.NativeMethodAccessorImpl.invoke0(Native Method) ~[na:1.6.0_24]
	at sun.reflect.NativeMethodAccessorImpl.invoke(NativeMethodAccessorImpl.java:57) ~[na:1.6.0_24]
	at sun.reflect.DelegatingMethodAccessorImpl.invoke(DelegatingMethodAccessorImpl.java:43) ~[na:1.6.0_24]
	at java.lang.reflect.Method.invoke(Method.java:616) ~[na:1.6.0_24]
	at org.apache.maven.surefire.booter.SurefireBooter.runSuitesInProcess(SurefireBooter.java:345) [surefire-booter-2.4.3.jar:2.4.3]
	at org.apache.maven.surefire.booter.SurefireBooter.main(SurefireBooter.java:1009) [surefire-booter-2.4.3.jar:2.4.3]
